<?xml version="1.0" encoding="UTF-8"?>
<testng-results ignored="0" total="4" passed="4" failed="0" skipped="0">
  <reporter-output>
  </reporter-output>
  <suite started-at="2022-02-09T13:11:36 IST" name="Default suite" finished-at="2022-02-09T13:11:59 IST" duration-ms="23164">
    <groups>
      <group name="unsuccessful login">
        <method signature="LoginPageTest.nologintest()[pri:0, instance:com.demotour.qa.testcases.LoginPageTest@4c371370]" name="nologintest" class="com.demotour.qa.testcases.LoginPageTest"/>
      </group> <!-- unsuccessful login -->
    </groups>
    <test started-at="2022-02-09T13:11:36 IST" name="Default test" finished-at="2022-02-09T13:11:59 IST" duration-ms="23164">
      <class name="com.demotour.qa.testcases.LoginPageTest">
        <test-method is-config="true" signature="setup()[pri:0, instance:com.demotour.qa.testcases.LoginPageTest@4c371370]" started-at="2022-02-09T13:11:36 IST" name="setup" finished-at="2022-02-09T13:11:41 IST" duration-ms="5054" status="PASS">
          <reporter-output>
          </reporter-output>
        </test-method> <!-- setup -->
        <test-method signature="loginpagelogoTest()[pri:0, instance:com.demotour.qa.testcases.LoginPageTest@4c371370]" started-at="2022-02-09T13:11:41 IST" name="loginpagelogoTest" finished-at="2022-02-09T13:11:41 IST" duration-ms="86" status="PASS">
          <reporter-output>
          </reporter-output>
        </test-method> <!-- loginpagelogoTest -->
        <test-method is-config="true" signature="teardown()[pri:0, instance:com.demotour.qa.testcases.LoginPageTest@4c371370]" started-at="2022-02-09T13:11:41 IST" name="teardown" finished-at="2022-02-09T13:11:41 IST" duration-ms="0" status="PASS">
          <reporter-output>
          </reporter-output>
        </test-method> <!-- teardown -->
        <test-method is-config="true" signature="setup()[pri:0, instance:com.demotour.qa.testcases.LoginPageTest@4c371370]" started-at="2022-02-09T13:11:41 IST" name="setup" finished-at="2022-02-09T13:11:45 IST" duration-ms="4189" status="PASS">
          <reporter-output>
          </reporter-output>
        </test-method> <!-- setup -->
        <test-method signature="loginpagetitleTest()[pri:0, instance:com.demotour.qa.testcases.LoginPageTest@4c371370]" started-at="2022-02-09T13:11:45 IST" name="loginpagetitleTest" finished-at="2022-02-09T13:11:45 IST" duration-ms="8" status="PASS">
          <reporter-output>
          </reporter-output>
        </test-method> <!-- loginpagetitleTest -->
        <test-method is-config="true" signature="teardown()[pri:0, instance:com.demotour.qa.testcases.LoginPageTest@4c371370]" started-at="2022-02-09T13:11:45 IST" name="teardown" finished-at="2022-02-09T13:11:45 IST" duration-ms="1" status="PASS">
          <reporter-output>
          </reporter-output>
        </test-method> <!-- teardown -->
        <test-method is-config="true" signature="setup()[pri:0, instance:com.demotour.qa.testcases.LoginPageTest@4c371370]" started-at="2022-02-09T13:11:45 IST" name="setup" finished-at="2022-02-09T13:11:51 IST" duration-ms="6013" status="PASS">
          <reporter-output>
          </reporter-output>
        </test-method> <!-- setup -->
        <test-method signature="nologintest()[pri:0, instance:com.demotour.qa.testcases.LoginPageTest@4c371370]" started-at="2022-02-09T13:11:51 IST" name="nologintest" finished-at="2022-02-09T13:11:51 IST" duration-ms="53" status="PASS">
          <reporter-output>
          </reporter-output>
        </test-method> <!-- nologintest -->
        <test-method is-config="true" signature="teardown()[pri:0, instance:com.demotour.qa.testcases.LoginPageTest@4c371370]" started-at="2022-02-09T13:11:51 IST" name="teardown" finished-at="2022-02-09T13:11:51 IST" duration-ms="0" status="PASS">
          <reporter-output>
          </reporter-output>
        </test-method> <!-- teardown -->
        <test-method is-config="true" signature="setup()[pri:0, instance:com.demotour.qa.testcases.LoginPageTest@4c371370]" started-at="2022-02-09T13:11:51 IST" name="setup" finished-at="2022-02-09T13:11:56 IST" duration-ms="4340" status="PASS">
          <reporter-output>
          </reporter-output>
        </test-method> <!-- setup -->
        <test-method signature="loginpagetest()[pri:1, instance:com.demotour.qa.testcases.LoginPageTest@4c371370]" started-at="2022-02-09T13:11:56 IST" name="loginpagetest" finished-at="2022-02-09T13:11:59 IST" duration-ms="3380" status="PASS">
          <reporter-output>
          </reporter-output>
        </test-method> <!-- loginpagetest -->
        <test-method is-config="true" signature="teardown()[pri:0, instance:com.demotour.qa.testcases.LoginPageTest@4c371370]" started-at="2022-02-09T13:11:59 IST" name="teardown" finished-at="2022-02-09T13:11:59 IST" duration-ms="0" status="PASS">
          <reporter-output>
          </reporter-output>
        </test-method> <!-- teardown -->
      </class> <!-- com.demotour.qa.testcases.LoginPageTest -->
    </test> <!-- Default test -->
  </suite> <!-- Default suite -->
</testng-results>
