<?xml version="1.0" encoding="UTF-8"?>
<!-- Generated by org.testng.reporters.JUnitXMLReporter -->
<testsuite ignored="0" hostname="LAPTOP-1RKH011U" failures="0" tests="4" name="Default test" time="23.164" errors="0" timestamp="2022-02-09T13:11:59 IST">
  <testcase classname="com.demotour.qa.testcases.LoginPageTest" name="loginpagelogoTest" time="0.086"/>
  <testcase classname="com.demotour.qa.testcases.LoginPageTest" name="loginpagetitleTest" time="0.008"/>
  <testcase classname="com.demotour.qa.testcases.LoginPageTest" name="nologintest" time="0.053"/>
  <testcase classname="com.demotour.qa.testcases.LoginPageTest" name="loginpagetest" time="3.38"/>
</testsuite> <!-- Default test -->
