<?xml version="1.0" encoding="UTF-8"?>
<!-- Generated by org.testng.reporters.JUnitXMLReporter -->
<testsuite ignored="0" hostname="LAPTOP-1RKH011U" failures="0" tests="10" name="Test" time="77.558" errors="0" timestamp="2022-02-01T16:17:07 IST">
  <testcase classname="com.demotour.qa.testcases.LoginPageTest" name="loginpagelogo" time="0.07"/>
  <testcase classname="com.demotour.qa.testcases.LoginPageTest" name="loginpagetitle" time="0.008"/>
  <testcase classname="com.demotour.qa.testcases.LoginPageTest" name="nologintest" time="0.039"/>
  <testcase classname="com.demotour.qa.testcases.LoginPageTest" name="loginpagetest" time="1.046"/>
  <testcase classname="com.demotour.qa.testcases.RegisterPageTest" name="selection" time="1.975"/>
  <testcase classname="com.demotour.qa.testcases.HomepageTest" name="checkValuesNeg" time="2.993"/>
  <testcase classname="com.demotour.qa.testcases.HomepageTest" name="checkValuespositive" time="2.435"/>
  <testcase classname="com.demotour.qa.testcases.RadioPageTest" name="selectionCheckbox" time="6.021"/>
  <testcase classname="com.demotour.qa.testcases.RadioPageTest" name="selectionRadiobox" time="0.069"/>
  <testcase classname="com.demotour.qa.testcases.DragPageTest" name="ddFunctioanlity" time="6.159"/>
</testsuite> <!-- Test -->
